#
# There is insufficient memory for the Java Runtime Environment to continue.
# Native memory allocation (malloc) failed to allocate 873680 bytes for Chunk::new
# Possible reasons:
#   The system is out of physical RAM or swap space
#   The process is running with CompressedOops enabled, and the Java Heap may be blocking the growth of the native heap
# Possible solutions:
#   Reduce memory load on the system
#   Increase physical memory or swap space
#   Check if swap backing store is full
#   Decrease Java heap size (-Xmx/-Xms)
#   Decrease number of Java threads
#   Decrease Java thread stack sizes (-Xss)
#   Set larger code cache with -XX:ReservedCodeCacheSize=
#   JVM is running with Unscaled Compressed Oops mode in which the Java heap is
#     placed in the first 4GB address space. The Java Heap base address is the
#     maximum limit for the native heap growth. Please use -XX:HeapBaseMinAddress
#     to set the Java Heap base and to place the Java Heap above 4GB virtual address.
# This output file may be truncated or incomplete.
#
#  Out of Memory Error (arena.cpp:189), pid=15120, tid=24928
#
# JRE version: Java(TM) SE Runtime Environment (17.0.8+9) (build 17.0.8+9-LTS-211)
# Java VM: Java HotSpot(TM) 64-Bit Server VM (17.0.8+9-LTS-211, mixed mode, sharing, tiered, compressed oops, compressed class ptrs, g1 gc, windows-amd64)
# No core dump will be written. Minidumps are not enabled by default on client versions of Windows
#

---------------  S U M M A R Y ------------

Command Line: -Dorg.gradle.internal.worker.tmpdir=C:\Poptato_Server\build\tmp\test\work -Xmx512m -Dfile.encoding=UTF-8 -Duser.country=KR -Duser.language=ko -Duser.variant -ea worker.org.gradle.process.internal.worker.GradleWorkerMain 'Gradle Test Executor 1'

Host: Intel(R) Core(TM) i3-8130U CPU @ 2.20GHz, 4 cores, 7G,  Windows 10 , 64 bit Build 19041 (10.0.19041.4957)
Time: Wed Nov  6 17:21:31 2024  Windows 10 , 64 bit Build 19041 (10.0.19041.4957) elapsed time: 5.085364 seconds (0d 0h 0m 5s)

---------------  T H R E A D  ---------------

Current thread (0x00000156e51470d0):  JavaThread "C2 CompilerThread0" daemon [_thread_in_native, id=24928, stack(0x0000000a4a000000,0x0000000a4a100000)]


Current CompileTask:
C2:   5085 1834       4       java.net.URLStreamHandler::parseURL (1201 bytes)

Stack: [0x0000000a4a000000,0x0000000a4a100000]
Native frames: (J=compiled Java code, j=interpreted, Vv=VM code, C=native code)
V  [jvm.dll+0x677d0a]
V  [jvm.dll+0x7d8c54]
V  [jvm.dll+0x7da3fe]
V  [jvm.dll+0x7daa63]
V  [jvm.dll+0x245c5f]
V  [jvm.dll+0xaaa6b]
V  [jvm.dll+0xab00c]
V  [jvm.dll+0x361e8e]
V  [jvm.dll+0x32c551]
V  [jvm.dll+0x32b9ea]
V  [jvm.dll+0x217fff]
V  [jvm.dll+0x217431]
V  [jvm.dll+0x1a3af0]
V  [jvm.dll+0x2270be]
V  [jvm.dll+0x22535b]
V  [jvm.dll+0x78e7bc]
V  [jvm.dll+0x788bba]
V  [jvm.dll+0x676b35]
C  [ucrtbase.dll+0x21bb2]
C  [KERNEL32.DLL+0x17374]
C  [ntdll.dll+0x4cc91]


---------------  P R O C E S S  ---------------

Threads class SMR info:
_java_thread_list=0x00000156e5cc31f0, length=15, elements={
0x000001568a069f50, 0x00000156e51244f0, 0x00000156e5125160, 0x00000156e51432d0,
0x00000156e5145090, 0x00000156e5145a40, 0x00000156e51463f0, 0x00000156e51470d0,
0x00000156e5148b80, 0x00000156e5150160, 0x00000156e5412fd0, 0x00000156e535f0a0,
0x00000156e5b1ec30, 0x00000156e5cc3980, 0x00000156e5cc57a0
}

Java Threads: ( => current thread )
  0x000001568a069f50 JavaThread "Test worker" [_thread_in_native, id=28268, stack(0x0000000a49300000,0x0000000a49400000)]
  0x00000156e51244f0 JavaThread "Reference Handler" daemon [_thread_blocked, id=10524, stack(0x0000000a49a00000,0x0000000a49b00000)]
  0x00000156e5125160 JavaThread "Finalizer" daemon [_thread_blocked, id=32916, stack(0x0000000a49b00000,0x0000000a49c00000)]
  0x00000156e51432d0 JavaThread "Signal Dispatcher" daemon [_thread_blocked, id=32880, stack(0x0000000a49c00000,0x0000000a49d00000)]
  0x00000156e5145090 JavaThread "Attach Listener" daemon [_thread_blocked, id=31032, stack(0x0000000a49d00000,0x0000000a49e00000)]
  0x00000156e5145a40 JavaThread "Service Thread" daemon [_thread_blocked, id=11988, stack(0x0000000a49e00000,0x0000000a49f00000)]
  0x00000156e51463f0 JavaThread "Monitor Deflation Thread" daemon [_thread_blocked, id=18124, stack(0x0000000a49f00000,0x0000000a4a000000)]
=>0x00000156e51470d0 JavaThread "C2 CompilerThread0" daemon [_thread_in_native, id=24928, stack(0x0000000a4a000000,0x0000000a4a100000)]
  0x00000156e5148b80 JavaThread "C1 CompilerThread0" daemon [_thread_blocked, id=32800, stack(0x0000000a4a100000,0x0000000a4a200000)]
  0x00000156e5150160 JavaThread "Sweeper thread" daemon [_thread_blocked, id=26360, stack(0x0000000a4a200000,0x0000000a4a300000)]
  0x00000156e5412fd0 JavaThread "Notification Thread" daemon [_thread_blocked, id=33152, stack(0x0000000a4a300000,0x0000000a4a400000)]
  0x00000156e535f0a0 JavaThread "Common-Cleaner" daemon [_thread_blocked, id=26132, stack(0x0000000a4a500000,0x0000000a4a600000)]
  0x00000156e5b1ec30 JavaThread "/127.0.0.1:56947 to /127.0.0.1:56946 workers" [_thread_blocked, id=17628, stack(0x0000000a4ab00000,0x0000000a4ac00000)]
  0x00000156e5cc3980 JavaThread "/127.0.0.1:56947 to /127.0.0.1:56946 workers Thread 2" [_thread_blocked, id=16000, stack(0x0000000a4ac00000,0x0000000a4ad00000)]
  0x00000156e5cc57a0 JavaThread "/127.0.0.1:56947 to /127.0.0.1:56946 workers Thread 3" [_thread_in_native, id=16524, stack(0x0000000a4ad00000,0x0000000a4ae00000)]

Other Threads:
  0x000001568a12e560 VMThread "VM Thread" [stack: 0x0000000a49900000,0x0000000a49a00000] [id=15060]
  0x00000156e542e930 WatcherThread [stack: 0x0000000a4a400000,0x0000000a4a500000] [id=32840]
  0x000001568a095c30 GCTaskThread "GC Thread#0" [stack: 0x0000000a49400000,0x0000000a49500000] [id=32920]
  0x00000156e58bc4d0 GCTaskThread "GC Thread#1" [stack: 0x0000000a4a600000,0x0000000a4a700000] [id=19680]
  0x00000156e58ba900 GCTaskThread "GC Thread#2" [stack: 0x0000000a4a700000,0x0000000a4a800000] [id=27272]
  0x00000156e5b1fc40 GCTaskThread "GC Thread#3" [stack: 0x0000000a4a800000,0x0000000a4a900000] [id=33040]
  0x000001568a09ba80 ConcurrentGCThread "G1 Main Marker" [stack: 0x0000000a49500000,0x0000000a49600000] [id=19524]
  0x000001568a09c390 ConcurrentGCThread "G1 Conc#0" [stack: 0x0000000a49600000,0x0000000a49700000] [id=31036]
  0x000001568a110940 ConcurrentGCThread "G1 Refine#0" [stack: 0x0000000a49700000,0x0000000a49800000] [id=27020]
  0x00000156e54f7740 ConcurrentGCThread "G1 Refine#1" [stack: 0x0000000a4a900000,0x0000000a4aa00000] [id=14768]
  0x000001568a112270 ConcurrentGCThread "G1 Service" [stack: 0x0000000a49800000,0x0000000a49900000] [id=19464]

Threads with active compile tasks:
C2 CompilerThread0     5163 1834       4       java.net.URLStreamHandler::parseURL (1201 bytes)

VM state: not at safepoint (normal execution)

VM Mutex/Monitor currently owned by a thread: None

Heap address: 0x00000000e0000000, size: 512 MB, Compressed Oops mode: 32-bit

CDS archive(s) mapped at: [0x00000156a4000000-0x00000156a4bd0000-0x00000156a4bd0000), size 12386304, SharedBaseAddress: 0x00000156a4000000, ArchiveRelocationMode: 1.
Compressed class space mapped at: 0x00000156a5000000-0x00000156e5000000, reserved size: 1073741824
Narrow klass base: 0x00000156a4000000, Narrow klass shift: 0, Narrow klass range: 0x100000000

GC Precious Log:
 CPUs: 4 total, 4 available
 Memory: 8107M
 Large Page Support: Disabled
 NUMA Support: Disabled
 Compressed Oops: Enabled (32-bit)
 Heap Region Size: 1M
 Heap Min Capacity: 8M
 Heap Initial Capacity: 128M
 Heap Max Capacity: 512M
 Pre-touch: Disabled
 Parallel Workers: 4
 Concurrent Workers: 1
 Concurrent Refinement Workers: 4
 Periodic GC: Disabled

Heap:
 garbage-first heap   total 131072K, used 33168K [0x00000000e0000000, 0x0000000100000000)
  region size 1024K, 21 young (21504K), 2 survivors (2048K)
 Metaspace       used 12960K, committed 13248K, reserved 1114112K
  class space    used 1646K, committed 1792K, reserved 1048576K

Heap Regions: E=young(eden), S=young(survivor), O=old, HS=humongous(starts), HC=humongous(continues), CS=collection set, F=free, OA=open archive, CA=closed archive, TAMS=top-at-mark-start (previous, next)
|   0|0x00000000e0000000, 0x00000000e0100000, 0x00000000e0100000|100%|HS|  |TAMS 0x00000000e0000000, 0x00000000e0000000| Complete 
|   1|0x00000000e0100000, 0x00000000e0200000, 0x00000000e0200000|100%|HC|  |TAMS 0x00000000e0100000, 0x00000000e0100000| Complete 
|   2|0x00000000e0200000, 0x00000000e0300000, 0x00000000e0300000|100%|HS|  |TAMS 0x00000000e0200000, 0x00000000e0200000| Complete 
|   3|0x00000000e0300000, 0x00000000e0400000, 0x00000000e0400000|100%|HS|  |TAMS 0x00000000e0300000, 0x00000000e0300000| Complete 
|   4|0x00000000e0400000, 0x00000000e0500000, 0x00000000e0500000|100%| O|  |TAMS 0x00000000e0400000, 0x00000000e0400000| Untracked 
|   5|0x00000000e0500000, 0x00000000e0600000, 0x00000000e0600000|100%| O|  |TAMS 0x00000000e0500000, 0x00000000e0500000| Untracked 
|   6|0x00000000e0600000, 0x00000000e0700000, 0x00000000e0700000|100%| O|  |TAMS 0x00000000e0600000, 0x00000000e0600000| Untracked 
|   7|0x00000000e0700000, 0x00000000e0800000, 0x00000000e0800000|100%| O|  |TAMS 0x00000000e0700000, 0x00000000e0700000| Untracked 
|   8|0x00000000e0800000, 0x00000000e0900000, 0x00000000e0900000|100%| O|  |TAMS 0x00000000e0800000, 0x00000000e0800000| Untracked 
|   9|0x00000000e0900000, 0x00000000e0a00000, 0x00000000e0a00000|100%| O|  |TAMS 0x00000000e0900000, 0x00000000e0900000| Untracked 
|  10|0x00000000e0a00000, 0x00000000e0b00000, 0x00000000e0b00000|100%| O|  |TAMS 0x00000000e0a00000, 0x00000000e0a00000| Untracked 
|  11|0x00000000e0b00000, 0x00000000e0c00000, 0x00000000e0c00000|100%| O|  |TAMS 0x00000000e0b00000, 0x00000000e0b00000| Untracked 
|  12|0x00000000e0c00000, 0x00000000e0cdd000, 0x00000000e0d00000| 86%| O|  |TAMS 0x00000000e0c00000, 0x00000000e0c00000| Untracked 
|  13|0x00000000e0d00000, 0x00000000e0d00000, 0x00000000e0e00000|  0%| F|  |TAMS 0x00000000e0d00000, 0x00000000e0d00000| Untracked 
|  14|0x00000000e0e00000, 0x00000000e0e00000, 0x00000000e0f00000|  0%| F|  |TAMS 0x00000000e0e00000, 0x00000000e0e00000| Untracked 
|  15|0x00000000e0f00000, 0x00000000e0f00000, 0x00000000e1000000|  0%| F|  |TAMS 0x00000000e0f00000, 0x00000000e0f00000| Untracked 
|  16|0x00000000e1000000, 0x00000000e1000000, 0x00000000e1100000|  0%| F|  |TAMS 0x00000000e1000000, 0x00000000e1000000| Untracked 
|  17|0x00000000e1100000, 0x00000000e1100000, 0x00000000e1200000|  0%| F|  |TAMS 0x00000000e1100000, 0x00000000e1100000| Untracked 
|  18|0x00000000e1200000, 0x00000000e1200000, 0x00000000e1300000|  0%| F|  |TAMS 0x00000000e1200000, 0x00000000e1200000| Untracked 
|  19|0x00000000e1300000, 0x00000000e1300000, 0x00000000e1400000|  0%| F|  |TAMS 0x00000000e1300000, 0x00000000e1300000| Untracked 
|  20|0x00000000e1400000, 0x00000000e1400000, 0x00000000e1500000|  0%| F|  |TAMS 0x00000000e1400000, 0x00000000e1400000| Untracked 
|  21|0x00000000e1500000, 0x00000000e1500000, 0x00000000e1600000|  0%| F|  |TAMS 0x00000000e1500000, 0x00000000e1500000| Untracked 
|  22|0x00000000e1600000, 0x00000000e1600000, 0x00000000e1700000|  0%| F|  |TAMS 0x00000000e1600000, 0x00000000e1600000| Untracked 
|  23|0x00000000e1700000, 0x00000000e1700000, 0x00000000e1800000|  0%| F|  |TAMS 0x00000000e1700000, 0x00000000e1700000| Untracked 
|  24|0x00000000e1800000, 0x00000000e1800000, 0x00000000e1900000|  0%| F|  |TAMS 0x00000000e1800000, 0x00000000e1800000| Untracked 
|  25|0x00000000e1900000, 0x00000000e1900000, 0x00000000e1a00000|  0%| F|  |TAMS 0x00000000e1900000, 0x00000000e1900000| Untracked 
|  26|0x00000000e1a00000, 0x00000000e1a00000, 0x00000000e1b00000|  0%| F|  |TAMS 0x00000000e1a00000, 0x00000000e1a00000| Untracked 
|  27|0x00000000e1b00000, 0x00000000e1b00000, 0x00000000e1c00000|  0%| F|  |TAMS 0x00000000e1b00000, 0x00000000e1b00000| Untracked 
|  28|0x00000000e1c00000, 0x00000000e1c00000, 0x00000000e1d00000|  0%| F|  |TAMS 0x00000000e1c00000, 0x00000000e1c00000| Untracked 
|  29|0x00000000e1d00000, 0x00000000e1d00000, 0x00000000e1e00000|  0%| F|  |TAMS 0x00000000e1d00000, 0x00000000e1d00000| Untracked 
|  30|0x00000000e1e00000, 0x00000000e1e00000, 0x00000000e1f00000|  0%| F|  |TAMS 0x00000000e1e00000, 0x00000000e1e00000| Untracked 
|  31|0x00000000e1f00000, 0x00000000e1f00000, 0x00000000e2000000|  0%| F|  |TAMS 0x00000000e1f00000, 0x00000000e1f00000| Untracked 
|  32|0x00000000e2000000, 0x00000000e2000000, 0x00000000e2100000|  0%| F|  |TAMS 0x00000000e2000000, 0x00000000e2000000| Untracked 
|  33|0x00000000e2100000, 0x00000000e2100000, 0x00000000e2200000|  0%| F|  |TAMS 0x00000000e2100000, 0x00000000e2100000| Untracked 
|  34|0x00000000e2200000, 0x00000000e2200000, 0x00000000e2300000|  0%| F|  |TAMS 0x00000000e2200000, 0x00000000e2200000| Untracked 
|  35|0x00000000e2300000, 0x00000000e2300000, 0x00000000e2400000|  0%| F|  |TAMS 0x00000000e2300000, 0x00000000e2300000| Untracked 
|  36|0x00000000e2400000, 0x00000000e2400000, 0x00000000e2500000|  0%| F|  |TAMS 0x00000000e2400000, 0x00000000e2400000| Untracked 
|  37|0x00000000e2500000, 0x00000000e2500000, 0x00000000e2600000|  0%| F|  |TAMS 0x00000000e2500000, 0x00000000e2500000| Untracked 
|  38|0x00000000e2600000, 0x00000000e2600000, 0x00000000e2700000|  0%| F|  |TAMS 0x00000000e2600000, 0x00000000e2600000| Untracked 
|  39|0x00000000e2700000, 0x00000000e2700000, 0x00000000e2800000|  0%| F|  |TAMS 0x00000000e2700000, 0x00000000e2700000| Untracked 
|  40|0x00000000e2800000, 0x00000000e2800000, 0x00000000e2900000|  0%| F|  |TAMS 0x00000000e2800000, 0x00000000e2800000| Untracked 
|  41|0x00000000e2900000, 0x00000000e2900000, 0x00000000e2a00000|  0%| F|  |TAMS 0x00000000e2900000, 0x00000000e2900000| Untracked 
|  42|0x00000000e2a00000, 0x00000000e2a00000, 0x00000000e2b00000|  0%| F|  |TAMS 0x00000000e2a00000, 0x00000000e2a00000| Untracked 
|  43|0x00000000e2b00000, 0x00000000e2b00000, 0x00000000e2c00000|  0%| F|  |TAMS 0x00000000e2b00000, 0x00000000e2b00000| Untracked 
|  44|0x00000000e2c00000, 0x00000000e2c00000, 0x00000000e2d00000|  0%| F|  |TAMS 0x00000000e2c00000, 0x00000000e2c00000| Untracked 
|  45|0x00000000e2d00000, 0x00000000e2d00000, 0x00000000e2e00000|  0%| F|  |TAMS 0x00000000e2d00000, 0x00000000e2d00000| Untracked 
|  46|0x00000000e2e00000, 0x00000000e2e00000, 0x00000000e2f00000|  0%| F|  |TAMS 0x00000000e2e00000, 0x00000000e2e00000| Untracked 
|  47|0x00000000e2f00000, 0x00000000e2f00000, 0x00000000e3000000|  0%| F|  |TAMS 0x00000000e2f00000, 0x00000000e2f00000| Untracked 
|  48|0x00000000e3000000, 0x00000000e3000000, 0x00000000e3100000|  0%| F|  |TAMS 0x00000000e3000000, 0x00000000e3000000| Untracked 
|  49|0x00000000e3100000, 0x00000000e3100000, 0x00000000e3200000|  0%| F|  |TAMS 0x00000000e3100000, 0x00000000e3100000| Untracked 
|  50|0x00000000e3200000, 0x00000000e3200000, 0x00000000e3300000|  0%| F|  |TAMS 0x00000000e3200000, 0x00000000e3200000| Untracked 
|  51|0x00000000e3300000, 0x00000000e3300000, 0x00000000e3400000|  0%| F|  |TAMS 0x00000000e3300000, 0x00000000e3300000| Untracked 
|  52|0x00000000e3400000, 0x00000000e3400000, 0x00000000e3500000|  0%| F|  |TAMS 0x00000000e3400000, 0x00000000e3400000| Untracked 
|  53|0x00000000e3500000, 0x00000000e3500000, 0x00000000e3600000|  0%| F|  |TAMS 0x00000000e3500000, 0x00000000e3500000| Untracked 
|  54|0x00000000e3600000, 0x00000000e3600000, 0x00000000e3700000|  0%| F|  |TAMS 0x00000000e3600000, 0x00000000e3600000| Untracked 
|  55|0x00000000e3700000, 0x00000000e3700000, 0x00000000e3800000|  0%| F|  |TAMS 0x00000000e3700000, 0x00000000e3700000| Untracked 
|  56|0x00000000e3800000, 0x00000000e3800000, 0x00000000e3900000|  0%| F|  |TAMS 0x00000000e3800000, 0x00000000e3800000| Untracked 
|  57|0x00000000e3900000, 0x00000000e3900000, 0x00000000e3a00000|  0%| F|  |TAMS 0x00000000e3900000, 0x00000000e3900000| Untracked 
|  58|0x00000000e3a00000, 0x00000000e3a00000, 0x00000000e3b00000|  0%| F|  |TAMS 0x00000000e3a00000, 0x00000000e3a00000| Untracked 
|  59|0x00000000e3b00000, 0x00000000e3b00000, 0x00000000e3c00000|  0%| F|  |TAMS 0x00000000e3b00000, 0x00000000e3b00000| Untracked 
|  60|0x00000000e3c00000, 0x00000000e3c00000, 0x00000000e3d00000|  0%| F|  |TAMS 0x00000000e3c00000, 0x00000000e3c00000| Untracked 
|  61|0x00000000e3d00000, 0x00000000e3d00000, 0x00000000e3e00000|  0%| F|  |TAMS 0x00000000e3d00000, 0x00000000e3d00000| Untracked 
|  62|0x00000000e3e00000, 0x00000000e3e00000, 0x00000000e3f00000|  0%| F|  |TAMS 0x00000000e3e00000, 0x00000000e3e00000| Untracked 
|  63|0x00000000e3f00000, 0x00000000e3f00000, 0x00000000e4000000|  0%| F|  |TAMS 0x00000000e3f00000, 0x00000000e3f00000| Untracked 
|  64|0x00000000e4000000, 0x00000000e4000000, 0x00000000e4100000|  0%| F|  |TAMS 0x00000000e4000000, 0x00000000e4000000| Untracked 
|  65|0x00000000e4100000, 0x00000000e4100000, 0x00000000e4200000|  0%| F|  |TAMS 0x00000000e4100000, 0x00000000e4100000| Untracked 
|  66|0x00000000e4200000, 0x00000000e4200000, 0x00000000e4300000|  0%| F|  |TAMS 0x00000000e4200000, 0x00000000e4200000| Untracked 
|  67|0x00000000e4300000, 0x00000000e4300000, 0x00000000e4400000|  0%| F|  |TAMS 0x00000000e4300000, 0x00000000e4300000| Untracked 
|  68|0x00000000e4400000, 0x00000000e4400000, 0x00000000e4500000|  0%| F|  |TAMS 0x00000000e4400000, 0x00000000e4400000| Untracked 
|  69|0x00000000e4500000, 0x00000000e4500000, 0x00000000e4600000|  0%| F|  |TAMS 0x00000000e4500000, 0x00000000e4500000| Untracked 
|  70|0x00000000e4600000, 0x00000000e4600000, 0x00000000e4700000|  0%| F|  |TAMS 0x00000000e4600000, 0x00000000e4600000| Untracked 
|  71|0x00000000e4700000, 0x00000000e4700000, 0x00000000e4800000|  0%| F|  |TAMS 0x00000000e4700000, 0x00000000e4700000| Untracked 
|  72|0x00000000e4800000, 0x00000000e4800000, 0x00000000e4900000|  0%| F|  |TAMS 0x00000000e4800000, 0x00000000e4800000| Untracked 
|  73|0x00000000e4900000, 0x00000000e4900000, 0x00000000e4a00000|  0%| F|  |TAMS 0x00000000e4900000, 0x00000000e4900000| Untracked 
|  74|0x00000000e4a00000, 0x00000000e4a00000, 0x00000000e4b00000|  0%| F|  |TAMS 0x00000000e4a00000, 0x00000000e4a00000| Untracked 
|  75|0x00000000e4b00000, 0x00000000e4b00000, 0x00000000e4c00000|  0%| F|  |TAMS 0x00000000e4b00000, 0x00000000e4b00000| Untracked 
|  76|0x00000000e4c00000, 0x00000000e4c00000, 0x00000000e4d00000|  0%| F|  |TAMS 0x00000000e4c00000, 0x00000000e4c00000| Untracked 
|  77|0x00000000e4d00000, 0x00000000e4d00000, 0x00000000e4e00000|  0%| F|  |TAMS 0x00000000e4d00000, 0x00000000e4d00000| Untracked 
|  78|0x00000000e4e00000, 0x00000000e4e00000, 0x00000000e4f00000|  0%| F|  |TAMS 0x00000000e4e00000, 0x00000000e4e00000| Untracked 
|  79|0x00000000e4f00000, 0x00000000e4f00000, 0x00000000e5000000|  0%| F|  |TAMS 0x00000000e4f00000, 0x00000000e4f00000| Untracked 
|  80|0x00000000e5000000, 0x00000000e5000000, 0x00000000e5100000|  0%| F|  |TAMS 0x00000000e5000000, 0x00000000e5000000| Untracked 
|  81|0x00000000e5100000, 0x00000000e5100000, 0x00000000e5200000|  0%| F|  |TAMS 0x00000000e5100000, 0x00000000e5100000| Untracked 
|  82|0x00000000e5200000, 0x00000000e5200000, 0x00000000e5300000|  0%| F|  |TAMS 0x00000000e5200000, 0x00000000e5200000| Untracked 
|  83|0x00000000e5300000, 0x00000000e5300000, 0x00000000e5400000|  0%| F|  |TAMS 0x00000000e5300000, 0x00000000e5300000| Untracked 
|  84|0x00000000e5400000, 0x00000000e5400000, 0x00000000e5500000|  0%| F|  |TAMS 0x00000000e5400000, 0x00000000e5400000| Untracked 
|  85|0x00000000e5500000, 0x00000000e5500000, 0x00000000e5600000|  0%| F|  |TAMS 0x00000000e5500000, 0x00000000e5500000| Untracked 
|  86|0x00000000e5600000, 0x00000000e5600000, 0x00000000e5700000|  0%| F|  |TAMS 0x00000000e5600000, 0x00000000e5600000| Untracked 
|  87|0x00000000e5700000, 0x00000000e5700000, 0x00000000e5800000|  0%| F|  |TAMS 0x00000000e5700000, 0x00000000e5700000| Untracked 
|  88|0x00000000e5800000, 0x00000000e5800000, 0x00000000e5900000|  0%| F|  |TAMS 0x00000000e5800000, 0x00000000e5800000| Untracked 
|  89|0x00000000e5900000, 0x00000000e5900000, 0x00000000e5a00000|  0%| F|  |TAMS 0x00000000e5900000, 0x00000000e5900000| Untracked 
|  90|0x00000000e5a00000, 0x00000000e5a00000, 0x00000000e5b00000|  0%| F|  |TAMS 0x00000000e5a00000, 0x00000000e5a00000| Untracked 
|  91|0x00000000e5b00000, 0x00000000e5b00000, 0x00000000e5c00000|  0%| F|  |TAMS 0x00000000e5b00000, 0x00000000e5b00000| Untracked 
|  92|0x00000000e5c00000, 0x00000000e5c00000, 0x00000000e5d00000|  0%| F|  |TAMS 0x00000000e5c00000, 0x00000000e5c00000| Untracked 
|  93|0x00000000e5d00000, 0x00000000e5d00000, 0x00000000e5e00000|  0%| F|  |TAMS 0x00000000e5d00000, 0x00000000e5d00000| Untracked 
|  94|0x00000000e5e00000, 0x00000000e5e00000, 0x00000000e5f00000|  0%| F|  |TAMS 0x00000000e5e00000, 0x00000000e5e00000| Untracked 
|  95|0x00000000e5f00000, 0x00000000e5f00000, 0x00000000e6000000|  0%| F|  |TAMS 0x00000000e5f00000, 0x00000000e5f00000| Untracked 
|  96|0x00000000e6000000, 0x00000000e6000000, 0x00000000e6100000|  0%| F|  |TAMS 0x00000000e6000000, 0x00000000e6000000| Untracked 
|  97|0x00000000e6100000, 0x00000000e6100000, 0x00000000e6200000|  0%| F|  |TAMS 0x00000000e6100000, 0x00000000e6100000| Untracked 
|  98|0x00000000e6200000, 0x00000000e6200000, 0x00000000e6300000|  0%| F|  |TAMS 0x00000000e6200000, 0x00000000e6200000| Untracked 
|  99|0x00000000e6300000, 0x00000000e6300000, 0x00000000e6400000|  0%| F|  |TAMS 0x00000000e6300000, 0x00000000e6300000| Untracked 
| 100|0x00000000e6400000, 0x00000000e6400000, 0x00000000e6500000|  0%| F|  |TAMS 0x00000000e6400000, 0x00000000e6400000| Untracked 
| 101|0x00000000e6500000, 0x00000000e6500000, 0x00000000e6600000|  0%| F|  |TAMS 0x00000000e6500000, 0x00000000e6500000| Untracked 
| 102|0x00000000e6600000, 0x00000000e6600000, 0x00000000e6700000|  0%| F|  |TAMS 0x00000000e6600000, 0x00000000e6600000| Untracked 
| 103|0x00000000e6700000, 0x00000000e6700000, 0x00000000e6800000|  0%| F|  |TAMS 0x00000000e6700000, 0x00000000e6700000| Untracked 
| 104|0x00000000e6800000, 0x00000000e6800000, 0x00000000e6900000|  0%| F|  |TAMS 0x00000000e6800000, 0x00000000e6800000| Untracked 
| 105|0x00000000e6900000, 0x00000000e6900000, 0x00000000e6a00000|  0%| F|  |TAMS 0x00000000e6900000, 0x00000000e6900000| Untracked 
| 106|0x00000000e6a00000, 0x00000000e6a80800, 0x00000000e6b00000| 50%| E|  |TAMS 0x00000000e6a00000, 0x00000000e6a00000| Complete 
| 107|0x00000000e6b00000, 0x00000000e6b87280, 0x00000000e6c00000| 52%| S|CS|TAMS 0x00000000e6b00000, 0x00000000e6b00000| Complete 
| 108|0x00000000e6c00000, 0x00000000e6d00000, 0x00000000e6d00000|100%| S|CS|TAMS 0x00000000e6c00000, 0x00000000e6c00000| Complete 
| 109|0x00000000e6d00000, 0x00000000e6e00000, 0x00000000e6e00000|100%| E|CS|TAMS 0x00000000e6d00000, 0x00000000e6d00000| Complete 
| 110|0x00000000e6e00000, 0x00000000e6f00000, 0x00000000e6f00000|100%| E|CS|TAMS 0x00000000e6e00000, 0x00000000e6e00000| Complete 
| 111|0x00000000e6f00000, 0x00000000e7000000, 0x00000000e7000000|100%| E|CS|TAMS 0x00000000e6f00000, 0x00000000e6f00000| Complete 
| 112|0x00000000e7000000, 0x00000000e7100000, 0x00000000e7100000|100%| E|CS|TAMS 0x00000000e7000000, 0x00000000e7000000| Complete 
| 113|0x00000000e7100000, 0x00000000e7200000, 0x00000000e7200000|100%| E|CS|TAMS 0x00000000e7100000, 0x00000000e7100000| Complete 
| 114|0x00000000e7200000, 0x00000000e7300000, 0x00000000e7300000|100%| E|CS|TAMS 0x00000000e7200000, 0x00000000e7200000| Complete 
| 115|0x00000000e7300000, 0x00000000e7400000, 0x00000000e7400000|100%| E|CS|TAMS 0x00000000e7300000, 0x00000000e7300000| Complete 
| 116|0x00000000e7400000, 0x00000000e7500000, 0x00000000e7500000|100%| E|CS|TAMS 0x00000000e7400000, 0x00000000e7400000| Complete 
| 117|0x00000000e7500000, 0x00000000e7600000, 0x00000000e7600000|100%| E|CS|TAMS 0x00000000e7500000, 0x00000000e7500000| Complete 
| 118|0x00000000e7600000, 0x00000000e7700000, 0x00000000e7700000|100%| E|CS|TAMS 0x00000000e7600000, 0x00000000e7600000| Complete 
| 119|0x00000000e7700000, 0x00000000e7800000, 0x00000000e7800000|100%| E|CS|TAMS 0x00000000e7700000, 0x00000000e7700000| Complete 
| 120|0x00000000e7800000, 0x00000000e7900000, 0x00000000e7900000|100%| E|CS|TAMS 0x00000000e7800000, 0x00000000e7800000| Complete 
| 121|0x00000000e7900000, 0x00000000e7a00000, 0x00000000e7a00000|100%| E|CS|TAMS 0x00000000e7900000, 0x00000000e7900000| Complete 
| 122|0x00000000e7a00000, 0x00000000e7b00000, 0x00000000e7b00000|100%| E|CS|TAMS 0x00000000e7a00000, 0x00000000e7a00000| Complete 
| 123|0x00000000e7b00000, 0x00000000e7c00000, 0x00000000e7c00000|100%| E|CS|TAMS 0x00000000e7b00000, 0x00000000e7b00000| Complete 
| 124|0x00000000e7c00000, 0x00000000e7d00000, 0x00000000e7d00000|100%| E|CS|TAMS 0x00000000e7c00000, 0x00000000e7c00000| Complete 
| 125|0x00000000e7d00000, 0x00000000e7e00000, 0x00000000e7e00000|100%| E|CS|TAMS 0x00000000e7d00000, 0x00000000e7d00000| Complete 
| 126|0x00000000e7e00000, 0x00000000e7f00000, 0x00000000e7f00000|100%| E|CS|TAMS 0x00000000e7e00000, 0x00000000e7e00000| Complete 
| 127|0x00000000e7f00000, 0x00000000e8000000, 0x00000000e8000000|100%| E|CS|TAMS 0x00000000e7f00000, 0x00000000e7f00000| Complete 

Card table byte_map: [0x00000156a0900000,0x00000156a0a00000] _byte_map_base: 0x00000156a0200000

Marking Bits (Prev, Next): (CMBitMap*) 0x000001568a096140, (CMBitMap*) 0x000001568a096180
 Prev Bits: [0x00000156a0b00000, 0x00000156a1300000)
 Next Bits: [0x00000156a1300000, 0x00000156a1b00000)

Polling page: 0x0000015688040000

Metaspace:

Usage:
  Non-class:     11.09 MB used.
      Class:      1.62 MB used.
       Both:     12.71 MB used.

Virtual space:
  Non-class space:       64.00 MB reserved,      11.25 MB ( 18%) committed,  1 nodes.
      Class space:        1.00 GB reserved,       1.75 MB ( <1%) committed,  1 nodes.
             Both:        1.06 GB reserved,      13.00 MB (  1%) committed. 

Chunk freelists:
   Non-Class:  4.30 MB
       Class:  14.27 MB
        Both:  18.56 MB

MaxMetaspaceSize: unlimited
CompressedClassSpaceSize: 1.00 GB
Initial GC threshold: 21.00 MB
Current GC threshold: 21.00 MB
CDS: on
MetaspaceReclaimPolicy: balanced
 - commit_granule_bytes: 65536.
 - commit_granule_words: 8192.
 - virtual_space_node_default_size: 8388608.
 - enlarge_chunks_in_place: 1.
 - new_chunks_are_fully_committed: 0.
 - uncommit_free_chunks: 1.
 - use_allocation_guard: 0.
 - handle_deallocations: 1.


Internal statistics:

num_allocs_failed_limit: 0.
num_arena_births: 202.
num_arena_deaths: 0.
num_vsnodes_births: 2.
num_vsnodes_deaths: 0.
num_space_committed: 208.
num_space_uncommitted: 0.
num_chunks_returned_to_freelist: 0.
num_chunks_taken_from_freelist: 629.
num_chunk_merges: 0.
num_chunk_splits: 395.
num_chunks_enlarged: 277.
num_purges: 0.
num_inconsistent_stats: 0.

CodeHeap 'non-profiled nmethods': size=120000Kb used=734Kb max_used=734Kb free=119265Kb
 bounds [0x00000156993d0000, 0x0000015699640000, 0x00000156a0900000]
CodeHeap 'profiled nmethods': size=120000Kb used=3810Kb max_used=3810Kb free=116189Kb
 bounds [0x0000015691900000, 0x0000015691cc0000, 0x0000015698e30000]
CodeHeap 'non-nmethods': size=5760Kb used=1201Kb max_used=1237Kb free=4558Kb
 bounds [0x0000015698e30000, 0x00000156990a0000, 0x00000156993d0000]
 total_blobs=2334 nmethods=1833 adapters=413
 compilation: enabled
              stopped_count=0, restarted_count=0
 full_count=0

Compilation events (20 events):
Event: 4.857 Thread 0x00000156e5148b80 1829       3       sun.util.locale.BaseLocale::equals (71 bytes)
Event: 4.857 Thread 0x00000156e5148b80 nmethod 1829 0x0000015691cb5810 code [0x0000015691cb59e0, 0x0000015691cb5ed8]
Event: 4.857 Thread 0x00000156e5148b80 1827       3       java.util.Locale::hasExtensions (13 bytes)
Event: 4.857 Thread 0x00000156e5148b80 nmethod 1827 0x0000015691cb5f90 code [0x0000015691cb6120, 0x0000015691cb6298]
Event: 4.857 Thread 0x00000156e5148b80 1828       3       java.util.Locale::stripExtensions (20 bytes)
Event: 4.858 Thread 0x00000156e5148b80 nmethod 1828 0x0000015691cb6310 code [0x0000015691cb64c0, 0x0000015691cb6748]
Event: 4.859 Thread 0x00000156e5148b80 1830       3       java.util.Collections$EmptyList::iterator (4 bytes)
Event: 4.859 Thread 0x00000156e5148b80 nmethod 1830 0x0000015691cb6810 code [0x0000015691cb69a0, 0x0000015691cb6b18]
Event: 4.860 Thread 0x00000156e5148b80 1831   !   3       java.util.concurrent.ConcurrentHashMap::initTable (112 bytes)
Event: 4.860 Thread 0x00000156e5148b80 nmethod 1831 0x0000015691cb6c10 code [0x0000015691cb6de0, 0x0000015691cb7368]
Event: 4.861 Thread 0x00000156e5148b80 1832       3       java.util.Calendar::internalSet (8 bytes)
Event: 4.861 Thread 0x00000156e5148b80 nmethod 1832 0x0000015691cb7510 code [0x0000015691cb76a0, 0x0000015691cb77d8]
Event: 4.864 Thread 0x00000156e51470d0 nmethod 1823 0x0000015699486690 code [0x0000015699486840, 0x0000015699486ff8]
Event: 4.864 Thread 0x00000156e51470d0 1825       4       java.lang.ref.SoftReference::get (29 bytes)
Event: 4.865 Thread 0x00000156e51470d0 nmethod 1825 0x0000015699487390 code [0x0000015699487500, 0x00000156994875f8]
Event: 4.865 Thread 0x00000156e51470d0 1819       4       java.lang.StringUTF16::compress (20 bytes)
Event: 4.866 Thread 0x00000156e51470d0 nmethod 1819 0x0000015699487690 code [0x0000015699487820, 0x0000015699487a78]
Event: 4.905 Thread 0x00000156e5148b80 1833       3       java.lang.NamedPackage::<init> (59 bytes)
Event: 4.907 Thread 0x00000156e5148b80 nmethod 1833 0x0000015691cb7890 code [0x0000015691cb7b20, 0x0000015691cb8618]
Event: 4.991 Thread 0x00000156e51470d0 1834       4       java.net.URLStreamHandler::parseURL (1201 bytes)

GC Heap History (6 events):
Event: 1.318 GC heap before
{Heap before GC invocations=0 (full 0):
 garbage-first heap   total 131072K, used 17408K [0x00000000e0000000, 0x0000000100000000)
  region size 1024K, 13 young (13312K), 0 survivors (0K)
 Metaspace       used 1982K, committed 2176K, reserved 1114112K
  class space    used 201K, committed 256K, reserved 1048576K
}
Event: 1.324 GC heap after
{Heap after GC invocations=1 (full 0):
 garbage-first heap   total 131072K, used 11687K [0x00000000e0000000, 0x0000000100000000)
  region size 1024K, 2 young (2048K), 2 survivors (2048K)
 Metaspace       used 1982K, committed 2176K, reserved 1114112K
  class space    used 201K, committed 256K, reserved 1048576K
}
Event: 1.823 GC heap before
{Heap before GC invocations=1 (full 0):
 garbage-first heap   total 131072K, used 18855K [0x00000000e0000000, 0x0000000100000000)
  region size 1024K, 9 young (9216K), 2 survivors (2048K)
 Metaspace       used 4557K, committed 4736K, reserved 1114112K
  class space    used 568K, committed 640K, reserved 1048576K
}
Event: 1.828 GC heap after
{Heap after GC invocations=2 (full 0):
 garbage-first heap   total 131072K, used 13136K [0x00000000e0000000, 0x0000000100000000)
  region size 1024K, 2 young (2048K), 2 survivors (2048K)
 Metaspace       used 4557K, committed 4736K, reserved 1114112K
  class space    used 568K, committed 640K, reserved 1048576K
}
Event: 3.373 GC heap before
{Heap before GC invocations=2 (full 0):
 garbage-first heap   total 131072K, used 30544K [0x00000000e0000000, 0x0000000100000000)
  region size 1024K, 19 young (19456K), 2 survivors (2048K)
 Metaspace       used 8532K, committed 8768K, reserved 1114112K
  class space    used 1145K, committed 1280K, reserved 1048576K
}
Event: 3.378 GC heap after
{Heap after GC invocations=3 (full 0):
 garbage-first heap   total 131072K, used 14736K [0x00000000e0000000, 0x0000000100000000)
  region size 1024K, 2 young (2048K), 2 survivors (2048K)
 Metaspace       used 8532K, committed 8768K, reserved 1114112K
  class space    used 1145K, committed 1280K, reserved 1048576K
}

Deoptimization events (20 events):
Event: 3.789 Thread 0x000001568a069f50 DEOPT PACKING pc=0x0000015699409634 sp=0x0000000a493f93e0
Event: 3.789 Thread 0x000001568a069f50 DEOPT UNPACKING pc=0x0000015698e823a3 sp=0x0000000a493f92d0 mode 2
Event: 3.790 Thread 0x000001568a069f50 Uncommon trap: trap_request=0xffffff45 fr.pc=0x00000156994459a8 relative=0x0000000000000408
Event: 3.790 Thread 0x000001568a069f50 Uncommon trap: reason=unstable_if action=reinterpret pc=0x00000156994459a8 method=java.lang.StringBuilder.toString()Ljava/lang/String; @ 4 c2
Event: 3.790 Thread 0x000001568a069f50 DEOPT PACKING pc=0x00000156994459a8 sp=0x0000000a493f9460
Event: 3.790 Thread 0x000001568a069f50 DEOPT UNPACKING pc=0x0000015698e823a3 sp=0x0000000a493f9440 mode 2
Event: 4.121 Thread 0x000001568a069f50 DEOPT PACKING pc=0x0000015691c7ceb8 sp=0x0000000a493f8a70
Event: 4.121 Thread 0x000001568a069f50 DEOPT UNPACKING pc=0x0000015698e82b43 sp=0x0000000a493f7f88 mode 0
Event: 4.220 Thread 0x000001568a069f50 Uncommon trap: trap_request=0xffffff45 fr.pc=0x0000015699459cc0 relative=0x00000000000009a0
Event: 4.220 Thread 0x000001568a069f50 Uncommon trap: reason=unstable_if action=reinterpret pc=0x0000015699459cc0 method=java.util.HashMap.hash(Ljava/lang/Object;)I @ 1 c2
Event: 4.220 Thread 0x000001568a069f50 DEOPT PACKING pc=0x0000015699459cc0 sp=0x0000000a493fa290
Event: 4.220 Thread 0x000001568a069f50 DEOPT UNPACKING pc=0x0000015698e823a3 sp=0x0000000a493fa220 mode 2
Event: 4.220 Thread 0x000001568a069f50 Uncommon trap: trap_request=0xffffff45 fr.pc=0x000001569944a698 relative=0x0000000000000098
Event: 4.220 Thread 0x000001568a069f50 Uncommon trap: reason=unstable_if action=reinterpret pc=0x000001569944a698 method=java.util.HashMap.hash(Ljava/lang/Object;)I @ 1 c2
Event: 4.220 Thread 0x000001568a069f50 DEOPT PACKING pc=0x000001569944a698 sp=0x0000000a493fa290
Event: 4.220 Thread 0x000001568a069f50 DEOPT UNPACKING pc=0x0000015698e823a3 sp=0x0000000a493fa228 mode 2
Event: 4.369 Thread 0x000001568a069f50 DEOPT PACKING pc=0x0000015691c7ceb8 sp=0x0000000a493fb240
Event: 4.369 Thread 0x000001568a069f50 DEOPT UNPACKING pc=0x0000015698e82b43 sp=0x0000000a493fa758 mode 0
Event: 4.422 Thread 0x000001568a069f50 DEOPT PACKING pc=0x0000015691c7ceb8 sp=0x0000000a493f4780
Event: 4.422 Thread 0x000001568a069f50 DEOPT UNPACKING pc=0x0000015698e82b43 sp=0x0000000a493f3c98 mode 0

Classes unloaded (0 events):
No events

Classes redefined (0 events):
No events

Internal exceptions (20 events):
Event: 2.909 Thread 0x000001568a069f50 Exception <a 'java/lang/NoSuchMethodError'{0x00000000e703fa20}: 'java.lang.Object java.lang.invoke.DirectMethodHandle$Holder.newInvokeSpecial(java.lang.Object, long, long, java.lang.Object)'> (0x00000000e703fa20) 
thrown [s\open\src\hotspot\share\interpreter\linkResolver.cpp, line 759]
Event: 2.953 Thread 0x000001568a069f50 Exception <a 'java/lang/NoSuchMethodError'{0x00000000e7094fe0}: 'void java.lang.invoke.DirectMethodHandle$Holder.invokeInterface(java.lang.Object, java.lang.Object, java.lang.Object, java.lang.Object)'> (0x00000000e7094fe0) 
thrown [s\open\src\hotspot\share\interpreter\linkResolver.cpp, line 759]
Event: 2.962 Thread 0x000001568a069f50 Exception <a 'java/lang/IncompatibleClassChangeError'{0x00000000e7098bb0}: Found class java.lang.Object, but interface was expected> (0x00000000e7098bb0) 
thrown [s\open\src\hotspot\share\interpreter\linkResolver.cpp, line 826]
Event: 2.981 Thread 0x000001568a069f50 Exception <a 'java/lang/NoSuchMethodError'{0x00000000e70bac88}: 'void java.lang.invoke.DirectMethodHandle$Holder.invokeStatic(java.lang.Object, java.lang.Object, java.lang.Object, java.lang.Object)'> (0x00000000e70bac88) 
thrown [s\open\src\hotspot\share\interpreter\linkResolver.cpp, line 759]
Event: 3.111 Thread 0x000001568a069f50 Exception <a 'java/lang/NoSuchMethodError'{0x00000000e6f38680}: 'int java.lang.invoke.DirectMethodHandle$Holder.invokeStatic(java.lang.Object, java.lang.Object, java.lang.Object, java.lang.Object)'> (0x00000000e6f38680) 
thrown [s\open\src\hotspot\share\interpreter\linkResolver.cpp, line 759]
Event: 3.112 Thread 0x000001568a069f50 Exception <a 'java/lang/NoSuchMethodError'{0x00000000e6f3c000}: 'java.lang.Object java.lang.invoke.Invokers$Holder.invokeExact_MT(java.lang.Object, java.lang.Object, java.lang.Object, java.lang.Object, java.lang.Object, java.lang.Object)'> (0x00000000e6f3c000) 
thrown [s\open\src\hotspot\share\interpreter\linkResolver.cpp, line 759]
Event: 3.117 Thread 0x000001568a069f50 Exception <a 'java/lang/NoSuchMethodError'{0x00000000e6f4b6a0}: 'int java.lang.invoke.DirectMethodHandle$Holder.invokeStatic(java.lang.Object, java.lang.Object, java.lang.Object, java.lang.Object, java.lang.Object)'> (0x00000000e6f4b6a0) 
thrown [s\open\src\hotspot\share\interpreter\linkResolver.cpp, line 759]
Event: 3.172 Thread 0x000001568a069f50 Exception <a 'java/lang/NoSuchMethodError'{0x00000000e6f9ca48}: 'void java.lang.invoke.DirectMethodHandle$Holder.invokeStaticInit(java.lang.Object)'> (0x00000000e6f9ca48) 
thrown [s\open\src\hotspot\share\interpreter\linkResolver.cpp, line 759]
Event: 3.264 Thread 0x000001568a069f50 Exception <a 'java/lang/NoSuchMethodError'{0x00000000e6e627a8}: 'void java.lang.invoke.DirectMethodHandle$Holder.invokeStaticInit(java.lang.Object, java.lang.Object, java.lang.Object, java.lang.Object)'> (0x00000000e6e627a8) 
thrown [s\open\src\hotspot\share\interpreter\linkResolver.cpp, line 759]
Event: 3.289 Thread 0x000001568a069f50 Exception <a 'java/lang/NoSuchMethodError'{0x00000000e6ed4ad8}: 'int java.lang.invoke.DirectMethodHandle$Holder.invokeStaticInit(java.lang.Object, java.lang.Object)'> (0x00000000e6ed4ad8) 
thrown [s\open\src\hotspot\share\interpreter\linkResolver.cpp, line 759]
Event: 3.481 Thread 0x000001568a069f50 Exception <a 'java/lang/NoSuchMethodError'{0x00000000e7e55680}: 'java.lang.Object java.lang.invoke.DirectMethodHandle$Holder.newInvokeSpecial(java.lang.Object, java.lang.Object, int)'> (0x00000000e7e55680) 
thrown [s\open\src\hotspot\share\interpreter\linkResolver.cpp, line 759]
Event: 3.754 Thread 0x000001568a069f50 Exception <a 'java/lang/ClassNotFoundException'{0x00000000e7ce06f8}: javax/smartcardio/CardPermission> (0x00000000e7ce06f8) 
thrown [s\open\src\hotspot\share\classfile\systemDictionary.cpp, line 256]
Event: 3.790 Thread 0x000001568a069f50 Exception <a 'java/io/FileNotFoundException'{0x00000000e7cef730}> (0x00000000e7cef730) 
thrown [s\open\src\hotspot\share\prims\jni.cpp, line 516]
Event: 3.899 Thread 0x000001568a069f50 Exception <a 'java/lang/NoSuchMethodError'{0x00000000e7b78248}: 'java.lang.Object java.lang.invoke.DirectMethodHandle$Holder.invokeSpecial(java.lang.Object, java.lang.Object, java.lang.Object, long, java.lang.Object)'> (0x00000000e7b78248) 
thrown [s\open\src\hotspot\share\interpreter\linkResolver.cpp, line 759]
Event: 3.900 Thread 0x000001568a069f50 Exception <a 'java/lang/NoSuchMethodError'{0x00000000e7b7c368}: 'java.lang.Object java.lang.invoke.Invokers$Holder.linkToTargetMethod(java.lang.Object, long, java.lang.Object, java.lang.Object)'> (0x00000000e7b7c368) 
thrown [s\open\src\hotspot\share\interpreter\linkResolver.cpp, line 759]
Event: 4.220 Thread 0x000001568a069f50 Implicit null exception at 0x0000015699459360 to 0x0000015699459ca4
Event: 4.220 Thread 0x000001568a069f50 Implicit null exception at 0x000001569944a60f to 0x000001569944a689
Event: 4.455 Thread 0x000001568a069f50 Exception <a 'java/io/FileNotFoundException'{0x00000000e79da750}> (0x00000000e79da750) 
thrown [s\open\src\hotspot\share\prims\jni.cpp, line 516]
Event: 4.473 Thread 0x000001568a069f50 Exception <a 'java/lang/NoSuchMethodError'{0x00000000e78429b8}: 'int java.lang.invoke.DirectMethodHandle$Holder.invokeStatic(java.lang.Object, java.lang.Object, int)'> (0x00000000e78429b8) 
thrown [s\open\src\hotspot\share\interpreter\linkResolver.cpp, line 759]
Event: 4.535 Thread 0x000001568a069f50 Exception <a 'java/lang/NoSuchMethodError'{0x00000000e7701e60}: 'void java.lang.invoke.DirectMethodHandle$Holder.invokeStaticInit(java.lang.Object, java.lang.Object)'> (0x00000000e7701e60) 
thrown [s\open\src\hotspot\share\interpreter\linkResolver.cpp, line 759]

VM Operations (20 events):
Event: 1.523 Executing VM operation: HandshakeAllThreads
Event: 1.523 Executing VM operation: HandshakeAllThreads done
Event: 1.823 Executing VM operation: G1CollectForAllocation
Event: 1.828 Executing VM operation: G1CollectForAllocation done
Event: 1.895 Executing VM operation: HandshakeAllThreads
Event: 1.895 Executing VM operation: HandshakeAllThreads done
Event: 2.111 Executing VM operation: HandshakeAllThreads
Event: 2.111 Executing VM operation: HandshakeAllThreads done
Event: 2.274 Executing VM operation: HandshakeAllThreads
Event: 2.274 Executing VM operation: HandshakeAllThreads done
Event: 2.363 Executing VM operation: HandshakeAllThreads
Event: 2.363 Executing VM operation: HandshakeAllThreads done
Event: 3.365 Executing VM operation: Cleanup
Event: 3.366 Executing VM operation: Cleanup done
Event: 3.373 Executing VM operation: G1CollectForAllocation
Event: 3.378 Executing VM operation: G1CollectForAllocation done
Event: 3.632 Executing VM operation: HandshakeAllThreads
Event: 3.632 Executing VM operation: HandshakeAllThreads done
Event: 4.647 Executing VM operation: Cleanup
Event: 4.647 Executing VM operation: Cleanup done

Events (20 events):
Event: 4.570 loading class java/util/Collections$UnmodifiableMap$UnmodifiableEntrySet
Event: 4.570 loading class java/util/Collections$UnmodifiableMap$UnmodifiableEntrySet done
Event: 4.570 loading class java/util/Collections$UnmodifiableMap$UnmodifiableEntrySet$1
Event: 4.570 loading class java/util/Collections$UnmodifiableMap$UnmodifiableEntrySet$1 done
Event: 4.570 loading class java/util/Collections$UnmodifiableMap$UnmodifiableEntrySet$UnmodifiableEntry
Event: 4.571 loading class java/util/Collections$UnmodifiableMap$UnmodifiableEntrySet$UnmodifiableEntry done
Event: 4.796 loading class java/beans/Transient
Event: 4.797 loading class java/beans/Transient done
Event: 4.797 loading class java/beans/ConstructorProperties
Event: 4.797 loading class java/beans/ConstructorProperties done
Event: 4.837 loading class java/text/ParseException
Event: 4.837 loading class java/text/ParseException done
Event: 4.859 loading class sun/text/resources/cldr/FormatData_en
Event: 4.859 loading class sun/text/resources/cldr/FormatData_en done
Event: 4.860 loading class sun/text/resources/cldr/FormatData_en_US
Event: 4.860 loading class sun/text/resources/cldr/FormatData_en_US done
Event: 4.891 loading class java/io/StringReader
Event: 4.892 loading class java/io/StringReader done
Event: 4.892 loading class java/io/CharArrayReader
Event: 4.892 loading class java/io/CharArrayReader done


Dynamic libraries:
0x00007ff73ddf0000 - 0x00007ff73de00000 	C:\Program Files\Java\jdk-17\bin\java.exe
0x00007ffbf4430000 - 0x00007ffbf4628000 	C:\Windows\SYSTEM32\ntdll.dll
0x00007ffbf38e0000 - 0x00007ffbf39a2000 	C:\Windows\System32\KERNEL32.DLL
0x00007ffbf2060000 - 0x00007ffbf235e000 	C:\Windows\System32\KERNELBASE.dll
0x00007ffbf1eb0000 - 0x00007ffbf1fb0000 	C:\Windows\System32\ucrtbase.dll
0x00007ffbe80a0000 - 0x00007ffbe80bb000 	C:\Program Files\Java\jdk-17\bin\VCRUNTIME140.dll
0x00007ffbe80c0000 - 0x00007ffbe80d9000 	C:\Program Files\Java\jdk-17\bin\jli.dll
0x00007ffbf3f50000 - 0x00007ffbf4002000 	C:\Windows\System32\ADVAPI32.dll
0x00007ffbf3630000 - 0x00007ffbf36ce000 	C:\Windows\System32\msvcrt.dll
0x00007ffbf2fb0000 - 0x00007ffbf3050000 	C:\Windows\System32\sechost.dll
0x00007ffbf24b0000 - 0x00007ffbf25d3000 	C:\Windows\System32\RPCRT4.dll
0x00007ffbf1e80000 - 0x00007ffbf1ea7000 	C:\Windows\System32\bcrypt.dll
0x00007ffbf3190000 - 0x00007ffbf332d000 	C:\Windows\System32\USER32.dll
0x00007ffbf1bf0000 - 0x00007ffbf1c12000 	C:\Windows\System32\win32u.dll
0x00007ffbf3330000 - 0x00007ffbf335b000 	C:\Windows\System32\GDI32.dll
0x00007ffbf1ad0000 - 0x00007ffbf1be7000 	C:\Windows\System32\gdi32full.dll
0x00007ffbf2360000 - 0x00007ffbf23fd000 	C:\Windows\System32\msvcp_win.dll
0x00007ffbdb930000 - 0x00007ffbdbbca000 	C:\Windows\WinSxS\amd64_microsoft.windows.common-controls_6595b64144ccf1df_6.0.19041.4355_none_60b8b9eb71f62e16\COMCTL32.dll
0x00007ffbe68d0000 - 0x00007ffbe68da000 	C:\Windows\SYSTEM32\VERSION.dll
0x00007ffbf3050000 - 0x00007ffbf307f000 	C:\Windows\System32\IMM32.DLL
0x00007ffbea290000 - 0x00007ffbea29c000 	C:\Program Files\Java\jdk-17\bin\vcruntime140_1.dll
0x00007ffbbfc50000 - 0x00007ffbbfcde000 	C:\Program Files\Java\jdk-17\bin\msvcp140.dll
0x00007ffb57560000 - 0x00007ffb5813e000 	C:\Program Files\Java\jdk-17\bin\server\jvm.dll
0x00007ffbf25e0000 - 0x00007ffbf25e8000 	C:\Windows\System32\PSAPI.DLL
0x00007ffbd9870000 - 0x00007ffbd9879000 	C:\Windows\SYSTEM32\WSOCK32.dll
0x00007ffbf3360000 - 0x00007ffbf33cb000 	C:\Windows\System32\WS2_32.dll
0x00007ffbd8e80000 - 0x00007ffbd8ea7000 	C:\Windows\SYSTEM32\WINMM.dll
0x00007ffbf02b0000 - 0x00007ffbf02c2000 	C:\Windows\SYSTEM32\kernel.appcore.dll
0x00007ffbe8110000 - 0x00007ffbe811a000 	C:\Program Files\Java\jdk-17\bin\jimage.dll
0x00007ffbeffc0000 - 0x00007ffbf01a4000 	C:\Windows\SYSTEM32\DBGHELP.DLL
0x00007ffbd7980000 - 0x00007ffbd79b4000 	C:\Windows\SYSTEM32\dbgcore.DLL
0x00007ffbf1c20000 - 0x00007ffbf1ca2000 	C:\Windows\System32\bcryptPrimitives.dll
0x00007ffbcfa20000 - 0x00007ffbcfa45000 	C:\Program Files\Java\jdk-17\bin\java.dll
0x00007ffb9bd50000 - 0x00007ffb9be27000 	C:\Program Files\Java\jdk-17\bin\jsvml.dll
0x00007ffbf26e0000 - 0x00007ffbf2e4f000 	C:\Windows\System32\SHELL32.dll
0x00007ffbef740000 - 0x00007ffbefee4000 	C:\Windows\SYSTEM32\windows.storage.dll
0x00007ffbf4010000 - 0x00007ffbf4363000 	C:\Windows\System32\combase.dll
0x00007ffbf1500000 - 0x00007ffbf152e000 	C:\Windows\SYSTEM32\Wldp.dll
0x00007ffbf36d0000 - 0x00007ffbf379d000 	C:\Windows\System32\OLEAUT32.dll
0x00007ffbf30e0000 - 0x00007ffbf318d000 	C:\Windows\System32\SHCORE.dll
0x00007ffbf2450000 - 0x00007ffbf24a5000 	C:\Windows\System32\shlwapi.dll
0x00007ffbf1a00000 - 0x00007ffbf1a24000 	C:\Windows\SYSTEM32\profapi.dll
0x00007ffbdcf10000 - 0x00007ffbdcf29000 	C:\Program Files\Java\jdk-17\bin\net.dll
0x00007ffbe4bd0000 - 0x00007ffbe4cdd000 	C:\Windows\SYSTEM32\WINHTTP.dll
0x00007ffbf1260000 - 0x00007ffbf12ca000 	C:\Windows\system32\mswsock.dll
0x00007ffbd28e0000 - 0x00007ffbd28f6000 	C:\Program Files\Java\jdk-17\bin\nio.dll
0x00007ffbe2510000 - 0x00007ffbe2528000 	C:\Program Files\Java\jdk-17\bin\zip.dll
0x00007ffbe7dd0000 - 0x00007ffbe7de0000 	C:\Program Files\Java\jdk-17\bin\verify.dll
0x00007ffbd8220000 - 0x00007ffbd822e000 	C:\Program Files\Java\jdk-17\bin\sunmscapi.dll
0x00007ffbf1d20000 - 0x00007ffbf1e7c000 	C:\Windows\System32\CRYPT32.dll
0x00007ffbf1570000 - 0x00007ffbf1597000 	C:\Windows\SYSTEM32\ncrypt.dll
0x00007ffbf1530000 - 0x00007ffbf156b000 	C:\Windows\SYSTEM32\NTASN1.dll
0x00007ffbe24c0000 - 0x00007ffbe24c7000 	C:\Windows\system32\wshunix.dll
0x00007ffbf1450000 - 0x00007ffbf1468000 	C:\Windows\SYSTEM32\CRYPTSP.dll
0x00007ffbf0ae0000 - 0x00007ffbf0b14000 	C:\Windows\system32\rsaenh.dll
0x00007ffbf1980000 - 0x00007ffbf19ae000 	C:\Windows\SYSTEM32\USERENV.dll
0x00007ffbf1470000 - 0x00007ffbf147c000 	C:\Windows\SYSTEM32\CRYPTBASE.dll
0x00007ffbf0ef0000 - 0x00007ffbf0f2b000 	C:\Windows\SYSTEM32\IPHLPAPI.DLL
0x00007ffbf2fa0000 - 0x00007ffbf2fa8000 	C:\Windows\System32\NSI.dll
0x00007ffbe3c80000 - 0x00007ffbe3c97000 	C:\Windows\SYSTEM32\dhcpcsvc6.DLL
0x00007ffbe4660000 - 0x00007ffbe467d000 	C:\Windows\SYSTEM32\dhcpcsvc.DLL
0x00007ffbf0f40000 - 0x00007ffbf100a000 	C:\Windows\SYSTEM32\DNSAPI.dll

dbghelp: loaded successfully - version: 4.0.5 - missing functions: none
symbol engine: initialized successfully - sym options: 0x614 - pdb path: .;C:\Program Files\Java\jdk-17\bin;C:\Windows\SYSTEM32;C:\Windows\WinSxS\amd64_microsoft.windows.common-controls_6595b64144ccf1df_6.0.19041.4355_none_60b8b9eb71f62e16;C:\Program Files\Java\jdk-17\bin\server

VM Arguments:
jvm_args: -Dorg.gradle.internal.worker.tmpdir=C:\Poptato_Server\build\tmp\test\work -Xmx512m -Dfile.encoding=UTF-8 -Duser.country=KR -Duser.language=ko -Duser.variant -ea 
java_command: worker.org.gradle.process.internal.worker.GradleWorkerMain 'Gradle Test Executor 1'
java_class_path (initial): C:\\Users\\user1\\.gradle\\caches\\8.10.2\\workerMain\\gradle-worker.jar;C:\\Poptato_Server\\build\\classes\\java\\test;C:\\Poptato_Server\\build\\resources\\test;C:\\Poptato_Server\\build\\classes\\java\\main;C:\\Poptato_Server\\build\\resources\\main;C:\\Users\\user1\\.gradle\\caches\\modules-2\\files-2.1\\org.springframework.boot\\spring-boot-starter-web\\3.2.1\\e27e36d4222fd4d589e634e1c7f5f09f0316147c\\spring-boot-starter-web-3.2.1.jar;C:\\Users\\user1\\.gradle\\caches\\modules-2\\files-2.1\\org.springframework.boot\\spring-boot-starter-data-jpa\\3.2.1\\3d48124f433375cf0113aa69603021635b55a21a\\spring-boot-starter-data-jpa-3.2.1.jar;C:\\Users\\user1\\.gradle\\caches\\modules-2\\files-2.1\\org.springframework.boot\\spring-boot-starter-validation\\3.2.1\\54a35ea1de2c7de2c701e93740228240218cc9dd\\spring-boot-starter-validation-3.2.1.jar;C:\\Users\\user1\\.gradle\\caches\\modules-2\\files-2.1\\org.springframework.boot\\spring-boot-starter-jdbc\\3.2.1\\e3de1c46cd238d55f0c2a5f5ea416fadce000318\\spring-boot-starter-jdbc-3.2.1.jar;C:\\Users\\user1\\.gradle\\caches\\modules-2\\files-2.1\\org.springframework.boot\\spring-boot-starter-data-redis\\3.2.1\\9b162003e51a62075cf2dc84932e0b1c77149e1\\spring-boot-starter-data-redis-3.2.1.jar;C:\\Users\\user1\\.gradle\\caches\\modules-2\\files-2.1\\com.squareup.okhttp3\\okhttp\\4.9.3\\b0b14b3d12980912723fb8b66afb48dcda742fcb\\okhttp-4.9.3.jar;C:\\Users\\user1\\.gradle\\caches\\modules-2\\files-2.1\\com.google.code.gson\\gson\\2.9.0\\8a1167e089096758b49f9b34066ef98b2f4b37aa\\gson-2.9.0.jar;C:\\Users\\user1\\.gradle\\caches\\modules-2\\files-2.1\\io.jsonwebtoken\\jjwt-impl\\0.11.2\\8fd8acf9d3cb9a2db05bfa484c2a1408cc3507f9\\jjwt-impl-0.11.2.jar;C:\\Users\\user1\\.gradle\\caches\\modules-2\\files-2.1\\io.jsonwebtoken\\jjwt-jackson\\0.11.2\\bff0b63d4cbace7b38551a70350875e69201ffeb\\jjwt-jackson-0.11.2.jar;C:\\Users\\user1\\.gradle\\caches\\modules-2\\files-2.1\\io.jsonwebtoken\\jjwt-api\\0.11.2\\57c34dce3e88
Launcher Type: SUN_STANDARD

[Global flags]
     intx CICompilerCount                          = 3                                         {product} {ergonomic}
     uint ConcGCThreads                            = 1                                         {product} {ergonomic}
     uint G1ConcRefinementThreads                  = 4                                         {product} {ergonomic}
   size_t G1HeapRegionSize                         = 1048576                                   {product} {ergonomic}
    uintx GCDrainStackTargetSize                   = 64                                        {product} {ergonomic}
   size_t InitialHeapSize                          = 134217728                                 {product} {ergonomic}
   size_t MarkStackSize                            = 4194304                                   {product} {ergonomic}
   size_t MaxHeapSize                              = 536870912                                 {product} {command line}
   size_t MaxNewSize                               = 321912832                                 {product} {ergonomic}
   size_t MinHeapDeltaBytes                        = 1048576                                   {product} {ergonomic}
   size_t MinHeapSize                              = 8388608                                   {product} {ergonomic}
    uintx NonNMethodCodeHeapSize                   = 5832780                                {pd product} {ergonomic}
    uintx NonProfiledCodeHeapSize                  = 122912730                              {pd product} {ergonomic}
    uintx ProfiledCodeHeapSize                     = 122912730                              {pd product} {ergonomic}
    uintx ReservedCodeCacheSize                    = 251658240                              {pd product} {ergonomic}
     bool SegmentedCodeCache                       = true                                      {product} {ergonomic}
   size_t SoftMaxHeapSize                          = 536870912                              {manageable} {ergonomic}
     bool UseCompressedClassPointers               = true                           {product lp64_product} {ergonomic}
     bool UseCompressedOops                        = true                           {product lp64_product} {ergonomic}
     bool UseG1GC                                  = true                                      {product} {ergonomic}
     bool UseLargePagesIndividualAllocation        = false                                  {pd product} {ergonomic}

Logging:
Log output configuration:
 #0: stdout all=warning uptime,level,tags
 #1: stderr all=off uptime,level,tags

Environment Variables:
JAVA_HOME=C:\Program Files\Java\jdk-17
CLASSPATH=C:\Program Files\Java\jdk-17\lib;.;
PATH=C:\Python312\Scripts\;C:\Python312\;C:\Program Files\Common Files\Oracle\Java\javapath;C:\Windows\system32;C:\Windows;C:\Windows\System32\Wbem;C:\Windows\System32\WindowsPowerShell\v1.0\;C:\Windows\System32\OpenSSH\;C:\Program Files\Java\jdk-17\bin;:\MinGW\bin;C:\Program Files\Bandizip\;C:\Program Files\Docker\Docker\resources\bin;C:\Program Files\Amazon\AWSCLIV2\;C:\Program Files\Git\cmd;C:\Program Files\MATLAB\R2023a\bin;C:\Program Files\PuTTY\;C:\Program Files\nodejs\;C:\ProgramData\chocolatey\bin;C:\Ruby32-x64\bin;C:\Program Files\MySQL\MySQL Shell 8.0\bin\;C:\Users\user1\AppData\Local\Microsoft\WindowsApps;C:\Users\user1\AppData\Local\Programs\Microsoft VS Code\bin;C:\Program Files\JetBrains\IntelliJ IDEA 2023.1.3\bin;C:\Program Files\JetBrains\IntelliJ IDEA Community Edition 2023.1.3\bin;C:\Users\user1\AppData\Local\gitkraken\bin;C:\Program Files\Java\jdk-17\bin;C:\Users\user1\AppData\Roaming\npm
USERNAME=user1
OS=Windows_NT
PROCESSOR_IDENTIFIER=Intel64 Family 6 Model 142 Stepping 10, GenuineIntel



---------------  S Y S T E M  ---------------

OS:
 Windows 10 , 64 bit Build 19041 (10.0.19041.4957)
OS uptime: 4 days 21:43 hours
Hyper-V role detected

CPU: total 4 (initial active 4) (2 cores per cpu, 2 threads per core) family 6 model 142 stepping 10 microcode 0xb4, cx8, cmov, fxsr, ht, mmx, 3dnowpref, sse, sse2, sse3, ssse3, sse4.1, sse4.2, popcnt, lzcnt, tsc, tscinvbit, avx, avx2, aes, erms, clmul, bmi1, bmi2, adx, fma, vzeroupper, clflush, clflushopt, hv

Memory: 4k page, system-wide physical 8107M (150M free)
TotalPageFile size 32683M (AvailPageFile size 2M)
current process WorkingSet (physical memory assigned to process): 112M, peak: 112M
current process commit charge ("private bytes"): 243M, peak: 244M

vm_info: Java HotSpot(TM) 64-Bit Server VM (17.0.8+9-LTS-211) for windows-amd64 JRE (17.0.8+9-LTS-211), built on Jun 14 2023 10:34:31 by "mach5one" with MS VC++ 17.1 (VS2022)

END.
